[2017-11-21 13:38:25] production.ERROR: PDOException: SQLSTATE[42S02]: Base table or view not found: 1146 Table 'comocuando.net.system_settings' doesn't exist in /Users/macbook/work projects/2017/comocuando/www/cms/vendor/laravel/framework/src/Illuminate/Database/Connection.php:319
Stack trace:
#0 /Users/macbook/work projects/2017/comocuando/www/cms/vendor/laravel/framework/src/Illuminate/Database/Connection.php(319): PDO->prepare('select * from `...')
#1 /Users/macbook/work projects/2017/comocuando/www/cms/vendor/laravel/framework/src/Illuminate/Database/Connection.php(655): Illuminate\Database\Connection->Illuminate\Database\{closure}(Object(Illuminate\Database\MySqlConnection), 'select * from `...', Array)
#2 /Users/macbook/work projects/2017/comocuando/www/cms/vendor/laravel/framework/src/Illuminate/Database/Connection.php(618): Illuminate\Database\Connection->runQueryCallback('select * from `...', Array, Object(Closure))
#3 /Users/macbook/work projects/2017/comocuando/www/cms/vendor/laravel/framework/src/Illuminate/Database/Connection.php(324): Illuminate\Database\Connection->run('select * from `...', Array, Object(Closure))
#4 /Users/macbook/work projects/2017/comocuando/www/cms/vendor/laravel/framework/src/Illuminate/Database/Query/Builder.php(1431): Illuminate\Database\Connection->select('select * from `...', Array, true)
#5 /Users/macbook/work projects/2017/comocuando/www/cms/vendor/laravel/framework/src/Illuminate/Database/Query/Builder.php(1408): Illuminate\Database\Query\Builder->runSelect()
#6 /Users/macbook/work projects/2017/comocuando/www/cms/vendor/october/rain/src/Database/QueryBuilder.php(162): Illuminate\Database\Query\Builder->get(Array)
#7 /Users/macbook/work projects/2017/comocuando/www/cms/vendor/laravel/framework/src/Illuminate/Cache/Repository.php(206): October\Rain\Database\QueryBuilder->October\Rain\Database\{closure}()
#8 [internal function]: Illuminate\Cache\Repository->remember('system::setting...', 1440, Object(Closure))
#9 /Users/macbook/work projects/2017/comocuando/www/cms/vendor/laravel/framework/src/Illuminate/Cache/CacheManager.php(318): call_user_func_array(Array, Array)
#10 /Users/macbook/work projects/2017/comocuando/www/cms/vendor/october/rain/src/Database/QueryBuilder.php(107): Illuminate\Cache\CacheManager->__call('remember', Array)
#11 /Users/macbook/work projects/2017/comocuando/www/cms/vendor/october/rain/src/Database/QueryBuilder.php(73): October\Rain\Database\QueryBuilder->getCached(Array)
#12 /Users/macbook/work projects/2017/comocuando/www/cms/vendor/laravel/framework/src/Illuminate/Database/Eloquent/Builder.php(477): October\Rain\Database\QueryBuilder->get(Array)
#13 /Users/macbook/work projects/2017/comocuando/www/cms/vendor/laravel/framework/src/Illuminate/Database/Eloquent/Builder.php(234): Illuminate\Database\Eloquent\Builder->getModels(Array)
#14 /Users/macbook/work projects/2017/comocuando/www/cms/vendor/laravel/framework/src/Illuminate/Database/Eloquent/Builder.php(206): Illuminate\Database\Eloquent\Builder->get(Array)
#15 /Users/macbook/work projects/2017/comocuando/www/cms/modules/system/Behaviors/SettingsModel.php(119): Illuminate\Database\Eloquent\Builder->first()
#16 /Users/macbook/work projects/2017/comocuando/www/cms/modules/system/Behaviors/SettingsModel.php(81): System\Behaviors\SettingsModel->getSettingsRecord()
#17 /Users/macbook/work projects/2017/comocuando/www/cms/modules/system/Behaviors/SettingsModel.php(140): System\Behaviors\SettingsModel->instance()
#18 [internal function]: System\Behaviors\SettingsModel->get('app_tagline')
#19 /Users/macbook/work projects/2017/comocuando/www/cms/vendor/october/rain/src/Extension/ExtendableTrait.php(366): call_user_func_array(Array, Array)
#20 /Users/macbook/work projects/2017/comocuando/www/cms/vendor/october/rain/src/Database/Model.php(492): October\Rain\Database\Model->extendableCall('get', Array)
#21 [internal function]: October\Rain\Database\Model->__call('get', Array)
#22 /Users/macbook/work projects/2017/comocuando/www/cms/vendor/laravel/framework/src/Illuminate/Database/Eloquent/Model.php(3458): call_user_func_array(Array, Array)
#23 /Users/macbook/work projects/2017/comocuando/www/cms/modules/backend/controllers/auth/signin.htm(1): Illuminate\Database\Eloquent\Model::__callStatic('get', Array)
#24 /Users/macbook/work projects/2017/comocuando/www/cms/modules/system/Traits/ViewMaker.php(244): include('/Users/macbook/...')
#25 /Users/macbook/work projects/2017/comocuando/www/cms/modules/system/Traits/ViewMaker.php(110): Backend\Classes\Controller->makeFileContents('/Users/macbook/...')
#26 /Users/macbook/work projects/2017/comocuando/www/cms/modules/backend/Classes/Controller.php(369): Backend\Classes\Controller->makeView('signin')
#27 /Users/macbook/work projects/2017/comocuando/www/cms/modules/backend/Classes/Controller.php(251): Backend\Classes\Controller->execPageAction('signin', Array)
#28 /Users/macbook/work projects/2017/comocuando/www/cms/modules/backend/Classes/BackendController.php(89): Backend\Classes\Controller->run('signin', Array)
#29 [internal function]: Backend\Classes\BackendController->run('backend/auth/si...')
#30 /Users/macbook/work projects/2017/comocuando/www/cms/vendor/laravel/framework/src/Illuminate/Routing/Controller.php(256): call_user_func_array(Array, Array)
#31 /Users/macbook/work projects/2017/comocuando/www/cms/vendor/laravel/framework/src/Illuminate/Routing/ControllerDispatcher.php(164): Illuminate\Routing\Controller->callAction('run', Array)
#32 /Users/macbook/work projects/2017/comocuando/www/cms/vendor/laravel/framework/src/Illuminate/Routing/ControllerDispatcher.php(112): Illuminate\Routing\ControllerDispatcher->call(Object(Backend\Classes\BackendController), Object(Illuminate\Routing\Route), 'run')
#33 [internal function]: Illuminate\Routing\ControllerDispatcher->Illuminate\Routing\{closure}(Object(Illuminate\Http\Request))
#34 /Users/macbook/work projects/2017/comocuando/www/cms/vendor/laravel/framework/src/Illuminate/Pipeline/Pipeline.php(139): call_user_func(Object(Closure), Object(Illuminate\Http\Request))
#35 [internal function]: Illuminate\Pipeline\Pipeline->Illuminate\Pipeline\{closure}(Object(Illuminate\Http\Request))
#36 /Users/macbook/work projects/2017/comocuando/www/cms/vendor/laravel/framework/src/Illuminate/Pipeline/Pipeline.php(102): call_user_func(Object(Closure), Object(Illuminate\Http\Request))
#37 /Users/macbook/work projects/2017/comocuando/www/cms/vendor/laravel/framework/src/Illuminate/Routing/ControllerDispatcher.php(114): Illuminate\Pipeline\Pipeline->then(Object(Closure))
#38 /Users/macbook/work projects/2017/comocuando/www/cms/vendor/laravel/framework/src/Illuminate/Routing/ControllerDispatcher.php(68): Illuminate\Routing\ControllerDispatcher->callWithinStack(Object(Backend\Classes\BackendController), Object(Illuminate\Routing\Route), Object(Illuminate\Http\Request), 'run')
#39 /Users/macbook/work projects/2017/comocuando/www/cms/vendor/laravel/framework/src/Illuminate/Routing/Route.php(203): Illuminate\Routing\ControllerDispatcher->dispatch(Object(Illuminate\Routing\Route), Object(Illuminate\Http\Request), 'Backend\\Classes...', 'run')
#40 /Users/macbook/work projects/2017/comocuando/www/cms/vendor/laravel/framework/src/Illuminate/Routing/Route.php(134): Illuminate\Routing\Route->runWithCustomDispatcher(Object(Illuminate\Http\Request))
#41 /Users/macbook/work projects/2017/comocuando/www/cms/vendor/laravel/framework/src/Illuminate/Routing/Router.php(708): Illuminate\Routing\Route->run(Object(Illuminate\Http\Request))
#42 [internal function]: Illuminate\Routing\Router->Illuminate\Routing\{closure}(Object(Illuminate\Http\Request))
#43 /Users/macbook/work projects/2017/comocuando/www/cms/vendor/laravel/framework/src/Illuminate/Pipeline/Pipeline.php(139): call_user_func(Object(Closure), Object(Illuminate\Http\Request))
#44 [internal function]: Illuminate\Pipeline\Pipeline->Illuminate\Pipeline\{closure}(Object(Illuminate\Http\Request))
#45 /Users/macbook/work projects/2017/comocuando/www/cms/vendor/laravel/framework/src/Illuminate/Pipeline/Pipeline.php(102): call_user_func(Object(Closure), Object(Illuminate\Http\Request))
#46 /Users/macbook/work projects/2017/comocuando/www/cms/vendor/laravel/framework/src/Illuminate/Routing/Router.php(710): Illuminate\Pipeline\Pipeline->then(Object(Closure))
#47 /Users/macbook/work projects/2017/comocuando/www/cms/vendor/laravel/framework/src/Illuminate/Routing/Router.php(674): Illuminate\Routing\Router->runRouteWithinStack(Object(Illuminate\Routing\Route), Object(Illuminate\Http\Request))
#48 /Users/macbook/work projects/2017/comocuando/www/cms/vendor/laravel/framework/src/Illuminate/Routing/Router.php(635): Illuminate\Routing\Router->dispatchToRoute(Object(Illuminate\Http\Request))
#49 /Users/macbook/work projects/2017/comocuando/www/cms/vendor/laravel/framework/src/Illuminate/Foundation/Http/Kernel.php(236): Illuminate\Routing\Router->dispatch(Object(Illuminate\Http\Request))
#50 [internal function]: Illuminate\Foundation\Http\Kernel->Illuminate\Foundation\Http\{closure}(Object(Illuminate\Http\Request))
#51 /Users/macbook/work projects/2017/comocuando/www/cms/vendor/laravel/framework/src/Illuminate/Pipeline/Pipeline.php(139): call_user_func(Object(Closure), Object(Illuminate\Http\Request))
#52 /Users/macbook/work projects/2017/comocuando/www/cms/vendor/laravel/framework/src/Illuminate/View/Middleware/ShareErrorsFromSession.php(49): Illuminate\Pipeline\Pipeline->Illuminate\Pipeline\{closure}(Object(Illuminate\Http\Request))
#53 [internal function]: Illuminate\View\Middleware\ShareErrorsFromSession->handle(Object(Illuminate\Http\Request), Object(Closure))
#54 /Users/macbook/work projects/2017/comocuando/www/cms/vendor/laravel/framework/src/Illuminate/Pipeline/Pipeline.php(124): call_user_func_array(Array, Array)
#55 /Users/macbook/work projects/2017/comocuando/www/cms/vendor/laravel/framework/src/Illuminate/Session/Middleware/StartSession.php(62): Illuminate\Pipeline\Pipeline->Illuminate\Pipeline\{closure}(Object(Illuminate\Http\Request))
#56 [internal function]: Illuminate\Session\Middleware\StartSession->handle(Object(Illuminate\Http\Request), Object(Closure))
#57 /Users/macbook/work projects/2017/comocuando/www/cms/vendor/laravel/framework/src/Illuminate/Pipeline/Pipeline.php(124): call_user_func_array(Array, Array)
#58 /Users/macbook/work projects/2017/comocuando/www/cms/vendor/laravel/framework/src/Illuminate/Cookie/Middleware/AddQueuedCookiesToResponse.php(37): Illuminate\Pipeline\Pipeline->Illuminate\Pipeline\{closure}(Object(Illuminate\Http\Request))
#59 [internal function]: Illuminate\Cookie\Middleware\AddQueuedCookiesToResponse->handle(Object(Illuminate\Http\Request), Object(Closure))
#60 /Users/macbook/work projects/2017/comocuando/www/cms/vendor/laravel/framework/src/Illuminate/Pipeline/Pipeline.php(124): call_user_func_array(Array, Array)
#61 /Users/macbook/work projects/2017/comocuando/www/cms/vendor/laravel/framework/src/Illuminate/Cookie/Middleware/EncryptCookies.php(59): Illuminate\Pipeline\Pipeline->Illuminate\Pipeline\{closure}(Object(Illuminate\Http\Request))
#62 [internal function]: Illuminate\Cookie\Middleware\EncryptCookies->handle(Object(Illuminate\Http\Request), Object(Closure))
#63 /Users/macbook/work projects/2017/comocuando/www/cms/vendor/laravel/framework/src/Illuminate/Pipeline/Pipeline.php(124): call_user_func_array(Array, Array)
#64 /Users/macbook/work projects/2017/comocuando/www/cms/vendor/laravel/framework/src/Illuminate/Foundation/Http/Middleware/CheckForMaintenanceMode.php(44): Illuminate\Pipeline\Pipeline->Illuminate\Pipeline\{closure}(Object(Illuminate\Http\Request))
#65 [internal function]: Illuminate\Foundation\Http\Middleware\CheckForMaintenanceMode->handle(Object(Illuminate\Http\Request), Object(Closure))
#66 /Users/macbook/work projects/2017/comocuando/www/cms/vendor/laravel/framework/src/Illuminate/Pipeline/Pipeline.php(124): call_user_func_array(Array, Array)
#67 [internal function]: Illuminate\Pipeline\Pipeline->Illuminate\Pipeline\{closure}(Object(Illuminate\Http\Request))
#68 /Users/macbook/work projects/2017/comocuando/www/cms/vendor/laravel/framework/src/Illuminate/Pipeline/Pipeline.php(102): call_user_func(Object(Closure), Object(Illuminate\Http\Request))
#69 /Users/macbook/work projects/2017/comocuando/www/cms/vendor/laravel/framework/src/Illuminate/Foundation/Http/Kernel.php(122): Illuminate\Pipeline\Pipeline->then(Object(Closure))
#70 /Users/macbook/work projects/2017/comocuando/www/cms/vendor/laravel/framework/src/Illuminate/Foundation/Http/Kernel.php(87): Illuminate\Foundation\Http\Kernel->sendRequestThroughRouter(Object(Illuminate\Http\Request))
#71 /Users/macbook/work projects/2017/comocuando/www/cms/index.php(43): Illuminate\Foundation\Http\Kernel->handle(Object(Illuminate\Http\Request))
#72 {main}

Next Illuminate\Database\QueryException: SQLSTATE[42S02]: Base table or view not found: 1146 Table 'comocuando.net.system_settings' doesn't exist (SQL: select * from `system_settings` where `item` = backend_brand_settings limit 1) in /Users/macbook/work projects/2017/comocuando/www/cms/vendor/laravel/framework/src/Illuminate/Database/Connection.php:662
Stack trace:
#0 /Users/macbook/work projects/2017/comocuando/www/cms/vendor/laravel/framework/src/Illuminate/Database/Connection.php(618): Illuminate\Database\Connection->runQueryCallback('select * from `...', Array, Object(Closure))
#1 /Users/macbook/work projects/2017/comocuando/www/cms/vendor/laravel/framework/src/Illuminate/Database/Connection.php(324): Illuminate\Database\Connection->run('select * from `...', Array, Object(Closure))
#2 /Users/macbook/work projects/2017/comocuando/www/cms/vendor/laravel/framework/src/Illuminate/Database/Query/Builder.php(1431): Illuminate\Database\Connection->select('select * from `...', Array, true)
#3 /Users/macbook/work projects/2017/comocuando/www/cms/vendor/laravel/framework/src/Illuminate/Database/Query/Builder.php(1408): Illuminate\Database\Query\Builder->runSelect()
#4 /Users/macbook/work projects/2017/comocuando/www/cms/vendor/october/rain/src/Database/QueryBuilder.php(162): Illuminate\Database\Query\Builder->get(Array)
#5 /Users/macbook/work projects/2017/comocuando/www/cms/vendor/laravel/framework/src/Illuminate/Cache/Repository.php(206): October\Rain\Database\QueryBuilder->October\Rain\Database\{closure}()
#6 [internal function]: Illuminate\Cache\Repository->remember('system::setting...', 1440, Object(Closure))
#7 /Users/macbook/work projects/2017/comocuando/www/cms/vendor/laravel/framework/src/Illuminate/Cache/CacheManager.php(318): call_user_func_array(Array, Array)
#8 /Users/macbook/work projects/2017/comocuando/www/cms/vendor/october/rain/src/Database/QueryBuilder.php(107): Illuminate\Cache\CacheManager->__call('remember', Array)
#9 /Users/macbook/work projects/2017/comocuando/www/cms/vendor/october/rain/src/Database/QueryBuilder.php(73): October\Rain\Database\QueryBuilder->getCached(Array)
#10 /Users/macbook/work projects/2017/comocuando/www/cms/vendor/laravel/framework/src/Illuminate/Database/Eloquent/Builder.php(477): October\Rain\Database\QueryBuilder->get(Array)
#11 /Users/macbook/work projects/2017/comocuando/www/cms/vendor/laravel/framework/src/Illuminate/Database/Eloquent/Builder.php(234): Illuminate\Database\Eloquent\Builder->getModels(Array)
#12 /Users/macbook/work projects/2017/comocuando/www/cms/vendor/laravel/framework/src/Illuminate/Database/Eloquent/Builder.php(206): Illuminate\Database\Eloquent\Builder->get(Array)
#13 /Users/macbook/work projects/2017/comocuando/www/cms/modules/system/Behaviors/SettingsModel.php(119): Illuminate\Database\Eloquent\Builder->first()
#14 /Users/macbook/work projects/2017/comocuando/www/cms/modules/system/Behaviors/SettingsModel.php(81): System\Behaviors\SettingsModel->getSettingsRecord()
#15 /Users/macbook/work projects/2017/comocuando/www/cms/modules/system/Behaviors/SettingsModel.php(140): System\Behaviors\SettingsModel->instance()
#16 [internal function]: System\Behaviors\SettingsModel->get('app_tagline')
#17 /Users/macbook/work projects/2017/comocuando/www/cms/vendor/october/rain/src/Extension/ExtendableTrait.php(366): call_user_func_array(Array, Array)
#18 /Users/macbook/work projects/2017/comocuando/www/cms/vendor/october/rain/src/Database/Model.php(492): October\Rain\Database\Model->extendableCall('get', Array)
#19 [internal function]: October\Rain\Database\Model->__call('get', Array)
#20 /Users/macbook/work projects/2017/comocuando/www/cms/vendor/laravel/framework/src/Illuminate/Database/Eloquent/Model.php(3458): call_user_func_array(Array, Array)
#21 /Users/macbook/work projects/2017/comocuando/www/cms/modules/backend/controllers/auth/signin.htm(1): Illuminate\Database\Eloquent\Model::__callStatic('get', Array)
#22 /Users/macbook/work projects/2017/comocuando/www/cms/modules/system/Traits/ViewMaker.php(244): include('/Users/macbook/...')
#23 /Users/macbook/work projects/2017/comocuando/www/cms/modules/system/Traits/ViewMaker.php(110): Backend\Classes\Controller->makeFileContents('/Users/macbook/...')
#24 /Users/macbook/work projects/2017/comocuando/www/cms/modules/backend/Classes/Controller.php(369): Backend\Classes\Controller->makeView('signin')
#25 /Users/macbook/work projects/2017/comocuando/www/cms/modules/backend/Classes/Controller.php(251): Backend\Classes\Controller->execPageAction('signin', Array)
#26 /Users/macbook/work projects/2017/comocuando/www/cms/modules/backend/Classes/BackendController.php(89): Backend\Classes\Controller->run('signin', Array)
#27 [internal function]: Backend\Classes\BackendController->run('backend/auth/si...')
#28 /Users/macbook/work projects/2017/comocuando/www/cms/vendor/laravel/framework/src/Illuminate/Routing/Controller.php(256): call_user_func_array(Array, Array)
#29 /Users/macbook/work projects/2017/comocuando/www/cms/vendor/laravel/framework/src/Illuminate/Routing/ControllerDispatcher.php(164): Illuminate\Routing\Controller->callAction('run', Array)
#30 /Users/macbook/work projects/2017/comocuando/www/cms/vendor/laravel/framework/src/Illuminate/Routing/ControllerDispatcher.php(112): Illuminate\Routing\ControllerDispatcher->call(Object(Backend\Classes\BackendController), Object(Illuminate\Routing\Route), 'run')
#31 [internal function]: Illuminate\Routing\ControllerDispatcher->Illuminate\Routing\{closure}(Object(Illuminate\Http\Request))
#32 /Users/macbook/work projects/2017/comocuando/www/cms/vendor/laravel/framework/src/Illuminate/Pipeline/Pipeline.php(139): call_user_func(Object(Closure), Object(Illuminate\Http\Request))
#33 [internal function]: Illuminate\Pipeline\Pipeline->Illuminate\Pipeline\{closure}(Object(Illuminate\Http\Request))
#34 /Users/macbook/work projects/2017/comocuando/www/cms/vendor/laravel/framework/src/Illuminate/Pipeline/Pipeline.php(102): call_user_func(Object(Closure), Object(Illuminate\Http\Request))
#35 /Users/macbook/work projects/2017/comocuando/www/cms/vendor/laravel/framework/src/Illuminate/Routing/ControllerDispatcher.php(114): Illuminate\Pipeline\Pipeline->then(Object(Closure))
#36 /Users/macbook/work projects/2017/comocuando/www/cms/vendor/laravel/framework/src/Illuminate/Routing/ControllerDispatcher.php(68): Illuminate\Routing\ControllerDispatcher->callWithinStack(Object(Backend\Classes\BackendController), Object(Illuminate\Routing\Route), Object(Illuminate\Http\Request), 'run')
#37 /Users/macbook/work projects/2017/comocuando/www/cms/vendor/laravel/framework/src/Illuminate/Routing/Route.php(203): Illuminate\Routing\ControllerDispatcher->dispatch(Object(Illuminate\Routing\Route), Object(Illuminate\Http\Request), 'Backend\\Classes...', 'run')
#38 /Users/macbook/work projects/2017/comocuando/www/cms/vendor/laravel/framework/src/Illuminate/Routing/Route.php(134): Illuminate\Routing\Route->runWithCustomDispatcher(Object(Illuminate\Http\Request))
#39 /Users/macbook/work projects/2017/comocuando/www/cms/vendor/laravel/framework/src/Illuminate/Routing/Router.php(708): Illuminate\Routing\Route->run(Object(Illuminate\Http\Request))
#40 [internal function]: Illuminate\Routing\Router->Illuminate\Routing\{closure}(Object(Illuminate\Http\Request))
#41 /Users/macbook/work projects/2017/comocuando/www/cms/vendor/laravel/framework/src/Illuminate/Pipeline/Pipeline.php(139): call_user_func(Object(Closure), Object(Illuminate\Http\Request))
#42 [internal function]: Illuminate\Pipeline\Pipeline->Illuminate\Pipeline\{closure}(Object(Illuminate\Http\Request))
#43 /Users/macbook/work projects/2017/comocuando/www/cms/vendor/laravel/framework/src/Illuminate/Pipeline/Pipeline.php(102): call_user_func(Object(Closure), Object(Illuminate\Http\Request))
#44 /Users/macbook/work projects/2017/comocuando/www/cms/vendor/laravel/framework/src/Illuminate/Routing/Router.php(710): Illuminate\Pipeline\Pipeline->then(Object(Closure))
#45 /Users/macbook/work projects/2017/comocuando/www/cms/vendor/laravel/framework/src/Illuminate/Routing/Router.php(674): Illuminate\Routing\Router->runRouteWithinStack(Object(Illuminate\Routing\Route), Object(Illuminate\Http\Request))
#46 /Users/macbook/work projects/2017/comocuando/www/cms/vendor/laravel/framework/src/Illuminate/Routing/Router.php(635): Illuminate\Routing\Router->dispatchToRoute(Object(Illuminate\Http\Request))
#47 /Users/macbook/work projects/2017/comocuando/www/cms/vendor/laravel/framework/src/Illuminate/Foundation/Http/Kernel.php(236): Illuminate\Routing\Router->dispatch(Object(Illuminate\Http\Request))
#48 [internal function]: Illuminate\Foundation\Http\Kernel->Illuminate\Foundation\Http\{closure}(Object(Illuminate\Http\Request))
#49 /Users/macbook/work projects/2017/comocuando/www/cms/vendor/laravel/framework/src/Illuminate/Pipeline/Pipeline.php(139): call_user_func(Object(Closure), Object(Illuminate\Http\Request))
#50 /Users/macbook/work projects/2017/comocuando/www/cms/vendor/laravel/framework/src/Illuminate/View/Middleware/ShareErrorsFromSession.php(49): Illuminate\Pipeline\Pipeline->Illuminate\Pipeline\{closure}(Object(Illuminate\Http\Request))
#51 [internal function]: Illuminate\View\Middleware\ShareErrorsFromSession->handle(Object(Illuminate\Http\Request), Object(Closure))
#52 /Users/macbook/work projects/2017/comocuando/www/cms/vendor/laravel/framework/src/Illuminate/Pipeline/Pipeline.php(124): call_user_func_array(Array, Array)
#53 /Users/macbook/work projects/2017/comocuando/www/cms/vendor/laravel/framework/src/Illuminate/Session/Middleware/StartSession.php(62): Illuminate\Pipeline\Pipeline->Illuminate\Pipeline\{closure}(Object(Illuminate\Http\Request))
#54 [internal function]: Illuminate\Session\Middleware\StartSession->handle(Object(Illuminate\Http\Request), Object(Closure))
#55 /Users/macbook/work projects/2017/comocuando/www/cms/vendor/laravel/framework/src/Illuminate/Pipeline/Pipeline.php(124): call_user_func_array(Array, Array)
#56 /Users/macbook/work projects/2017/comocuando/www/cms/vendor/laravel/framework/src/Illuminate/Cookie/Middleware/AddQueuedCookiesToResponse.php(37): Illuminate\Pipeline\Pipeline->Illuminate\Pipeline\{closure}(Object(Illuminate\Http\Request))
#57 [internal function]: Illuminate\Cookie\Middleware\AddQueuedCookiesToResponse->handle(Object(Illuminate\Http\Request), Object(Closure))
#58 /Users/macbook/work projects/2017/comocuando/www/cms/vendor/laravel/framework/src/Illuminate/Pipeline/Pipeline.php(124): call_user_func_array(Array, Array)
#59 /Users/macbook/work projects/2017/comocuando/www/cms/vendor/laravel/framework/src/Illuminate/Cookie/Middleware/EncryptCookies.php(59): Illuminate\Pipeline\Pipeline->Illuminate\Pipeline\{closure}(Object(Illuminate\Http\Request))
#60 [internal function]: Illuminate\Cookie\Middleware\EncryptCookies->handle(Object(Illuminate\Http\Request), Object(Closure))
#61 /Users/macbook/work projects/2017/comocuando/www/cms/vendor/laravel/framework/src/Illuminate/Pipeline/Pipeline.php(124): call_user_func_array(Array, Array)
#62 /Users/macbook/work projects/2017/comocuando/www/cms/vendor/laravel/framework/src/Illuminate/Foundation/Http/Middleware/CheckForMaintenanceMode.php(44): Illuminate\Pipeline\Pipeline->Illuminate\Pipeline\{closure}(Object(Illuminate\Http\Request))
#63 [internal function]: Illuminate\Foundation\Http\Middleware\CheckForMaintenanceMode->handle(Object(Illuminate\Http\Request), Object(Closure))
#64 /Users/macbook/work projects/2017/comocuando/www/cms/vendor/laravel/framework/src/Illuminate/Pipeline/Pipeline.php(124): call_user_func_array(Array, Array)
#65 [internal function]: Illuminate\Pipeline\Pipeline->Illuminate\Pipeline\{closure}(Object(Illuminate\Http\Request))
#66 /Users/macbook/work projects/2017/comocuando/www/cms/vendor/laravel/framework/src/Illuminate/Pipeline/Pipeline.php(102): call_user_func(Object(Closure), Object(Illuminate\Http\Request))
#67 /Users/macbook/work projects/2017/comocuando/www/cms/vendor/laravel/framework/src/Illuminate/Foundation/Http/Kernel.php(122): Illuminate\Pipeline\Pipeline->then(Object(Closure))
#68 /Users/macbook/work projects/2017/comocuando/www/cms/vendor/laravel/framework/src/Illuminate/Foundation/Http/Kernel.php(87): Illuminate\Foundation\Http\Kernel->sendRequestThroughRouter(Object(Illuminate\Http\Request))
#69 /Users/macbook/work projects/2017/comocuando/www/cms/index.php(43): Illuminate\Foundation\Http\Kernel->handle(Object(Illuminate\Http\Request))
#70 {main}  
